<?xml version="1.0" encoding="utf-8"?><testsuites name="pytest tests"><testsuite name="pytest" errors="0" failures="0" skipped="0" tests="12" time="2.642" timestamp="2026-07-09T01:27:05.170319+00:00" hostname="agent-env-475cb733-01fd-4cdc-94e0-a8e086da1812"><testcase classname="tests.test_billing.TestCheckout" name="test_create_checkout_scale" time="1.203" /><testcase classname="tests.test_billing.TestChangeAndCancel" name="test_change_plan_to_starter_then_back_to_growth" time="1.557" /><testcase classname="tests.test_billing.TestCheckout" name="test_checkout_invalid_plan" time="0.045" /><testcase classname="tests.test_billing.TestCheckout" name="test_checkout_status" time="0.304" /><testcase classname="tests.test_billing.TestCheckout" name="test_checkout_status_not_found" time="0.047" /><testcase classname="tests.test_billing.TestChangeAndCancel" name="test_change_plan_invalid" time="0.101" /><testcase classname="tests.test_billing.TestSubscription" name="test_get_subscription_trialing_growth" time="0.047" /><testcase classname="tests.test_billing.TestSubscription" name="test_subscription_unauth_401" time="0.134" /><testcase classname="tests.test_billing.TestChangeAndCancel" name="test_cancel_sets_cancel_at_period_end" time="0.189" /><testcase classname="tests.test_billing" name="test_plans_public_no_auth" time="0.136" /><testcase classname="tests.test_billing.TestOfferLimit" name="test_normal_offer_create_ok_under_growth_limit" time="0.134" /><testcase classname="tests.test_billing.TestOfferLimit" name="test_offer_limit_402_when_over" time="0.158" /></testsuite></testsuites>