<?xml version="1.0" encoding="utf-8"?><testsuites name="pytest tests"><testsuite name="pytest" errors="0" failures="0" skipped="1" tests="33" time="7.038" timestamp="2026-07-09T23:25:54.281300+00:00" hostname="agent-env-475cb733-01fd-4cdc-94e0-a8e086da1812"><testcase classname="tests.test_churnguard.TestAuth" name="test_invalid_login_401" time="0.365" /><testcase classname="tests.test_churnguard.TestPublicSession" name="test_init_bad_api_key_401" time="0.365" /><testcase classname="tests.test_churnguard.TestAuth" name="test_login_success_and_me" time="0.555" /><testcase classname="tests.test_churnguard.TestPublicSession" name="test_flow_discount_accept" time="1.278" /><testcase classname="tests.test_churnguard.TestAuth" name="test_register_creates_org" time="0.382" /><testcase classname="tests.test_churnguard.TestAuth" name="test_logout_clears_session" time="0.464" /><testcase classname="tests.test_churnguard.TestPublicSession" name="test_flow_pause_accept" time="0.358" /><testcase classname="tests.test_churnguard.TestDashboard" name="test_kpis" time="0.092" /><testcase classname="tests.test_churnguard.TestDashboard" name="test_organization" time="0.049" /><testcase classname="tests.test_churnguard.TestDashboard" name="test_analytics_sessions" time="0.058" /><testcase classname="tests.test_churnguard.TestDashboard" name="test_kpis_unauth_401" time="0.105" /><testcase classname="tests.test_churnguard.TestPublicSession" name="test_flow_cancel" time="1.021" /><testcase classname="tests.test_billing.TestCheckoutLive" name="test_create_checkout_growth_returns_cs_live" time="0.944" /><testcase classname="tests.test_billing.TestCheckoutLive" name="test_checkout_invalid_plan_400" time="0.055" /><testcase classname="tests.test_churnguard.TestPublicSession" name="test_invalid_action" time="0.526" /><testcase classname="tests.test_billing.TestCheckoutLive" name="test_checkout_status_open_unpaid" time="0.145" /><testcase classname="tests.test_churnguard.TestOffers" name="test_list_offers_seeded" time="0.373" /><testcase classname="tests.test_churnguard.TestOffers" name="test_offer_crud_lifecycle" time="0.506" /><testcase classname="tests.test_billing.TestChangeAndCancelDemoNoSub" name="test_change_plan_demo_no_active_sub_400" time="0.421" /><testcase classname="tests.test_billing.TestChangeAndCancelDemoNoSub" name="test_change_plan_invalid_plan_400" time="0.045" /><testcase classname="tests.test_billing.TestChangeAndCancelDemoNoSub" name="test_cancel_demo_no_sub_400" time="0.094" /><testcase classname="tests.test_churnguard.TestOffers" name="test_offer_over_limit_returns_402" time="1.439" /><testcase classname="tests.test_billing.TestSubscription" name="test_get_subscription_state" time="0.050" /><testcase classname="tests.test_billing.TestSubscription" name="test_subscription_unauth_401" time="0.135" /><testcase classname="tests.test_billing.TestOfferLimit" name="test_normal_offer_create_ok_under_growth_limit" time="0.142" /><testcase classname="tests.test_billing.TestOfferLimit" name="test_offer_over_limit_moved_note" time="0.001"><skipped type="pytest.skip" message="Moved to test_churnguard.py::TestOffers::test_offer_over_limit_returns_402">/app/backend/tests/test_billing.py:122: Moved to test_churnguard.py::TestOffers::test_offer_over_limit_returns_402</skipped></testcase><testcase classname="tests.test_settings.TestIntegration" name="test_integration_demo_disconnected_live_platform" time="0.475" /><testcase classname="tests.test_settings.TestIntegration" name="test_integration_unauth_401" time="0.150" /><testcase classname="tests.test_billing" name="test_plans_public_no_auth" time="0.173" /><testcase classname="tests.test_churnguard" name="test_health" time="0.095" /><testcase classname="tests.test_settings.TestStripeConnectOAuth" name="test_connect_returns_real_oauth_url" time="0.429" /><testcase classname="tests.test_settings.TestStripeConnectOAuth" name="test_connect_does_not_flip_connected" time="0.093" /><testcase classname="tests.test_settings.TestStripeConnectOAuth" name="test_apply_offer_no_connection_message" time="0.443" /></testsuite></testsuites>