<?xml version="1.0" encoding="utf-8"?><testsuites name="pytest tests"><testsuite name="pytest" errors="0" failures="1" skipped="0" tests="34" time="6.923" timestamp="2026-07-09T10:13:29.409075+00:00" hostname="agent-env-475cb733-01fd-4cdc-94e0-a8e086da1812"><testcase classname="tests.test_churnguard.TestPublicSession" name="test_init_bad_api_key_401" time="0.128" /><testcase classname="tests.test_billing.TestCheckout" name="test_create_checkout_scale" time="1.114" /><testcase classname="tests.test_churnguard.TestPublicSession" name="test_flow_discount_accept" time="1.520" /><testcase classname="tests.test_billing.TestCheckout" name="test_checkout_invalid_plan" time="0.044" /><testcase classname="tests.test_billing.TestCheckout" name="test_checkout_status" time="0.352" /><testcase classname="tests.test_billing.TestCheckout" name="test_checkout_status_not_found" time="0.084" /><testcase classname="tests.test_churnguard.TestAuth" name="test_invalid_login_401" time="0.323" /><testcase classname="tests.test_churnguard.TestPublicSession" name="test_flow_pause_accept" time="0.640" /><testcase classname="tests.test_churnguard.TestPublicSession" name="test_flow_cancel" time="0.565" /><testcase classname="tests.test_churnguard.TestAuth" name="test_login_success_and_me" time="0.446" /><testcase classname="tests.test_churnguard.TestAuth" name="test_register_creates_org" time="0.428" /><testcase classname="tests.test_churnguard.TestAuth" name="test_logout_clears_session" time="0.473" /><testcase classname="tests.test_churnguard.TestPublicSession" name="test_invalid_action" time="0.409" /><testcase classname="tests.test_churnguard.TestDashboard" name="test_kpis" time="0.043" /><testcase classname="tests.test_churnguard.TestDashboard" name="test_organization" time="0.043" /><testcase classname="tests.test_churnguard.TestDashboard" name="test_analytics_sessions" time="0.244" /><testcase classname="tests.test_churnguard.TestDashboard" name="test_kpis_unauth_401" time="0.122" /><testcase classname="tests.test_settings.TestStripeConnect" name="test_connect_simulated" time="0.496" /><testcase classname="tests.test_settings.TestStripeConnect" name="test_apply_offer_mentions_connected_account" time="0.586" /><testcase classname="tests.test_billing.TestChangeAndCancel" name="test_change_plan_to_starter_then_back_to_growth" time="0.534" /><testcase classname="tests.test_billing.TestChangeAndCancel" name="test_change_plan_invalid" time="0.053" /><testcase classname="tests.test_billing.TestChangeAndCancel" name="test_cancel_sets_cancel_at_period_end" time="0.285" /><testcase classname="tests.test_settings.TestStripeConnect" name="test_disconnect" time="0.132" /><testcase classname="tests.test_settings.TestStripeConnect" name="test_apply_offer_no_connection_message" time="0.629" /><testcase classname="tests.test_billing.TestSubscription" name="test_get_subscription_trialing_growth" time="0.052"><failure message="AssertionError: assert 'active' == 'trialing'&#10;  &#10;  - trialing&#10;  + active">backend/tests/test_billing.py:44: in test_get_subscription_trialing_growth
    assert d["subscription"]["status"] == "trialing"
E   AssertionError: assert 'active' == 'trialing'
E     
E     - trialing
E     + active</failure></testcase><testcase classname="tests.test_billing.TestSubscription" name="test_subscription_unauth_401" time="0.107" /><testcase classname="tests.test_churnguard.TestOffers" name="test_list_offers_seeded" time="0.677" /><testcase classname="tests.test_billing.TestOfferLimit" name="test_normal_offer_create_ok_under_growth_limit" time="0.483" /><testcase classname="tests.test_churnguard.TestOffers" name="test_offer_crud_lifecycle" time="0.351" /><testcase classname="tests.test_billing.TestOfferLimit" name="test_offer_limit_402_when_over" time="0.209" /><testcase classname="tests.test_billing" name="test_plans_public_no_auth" time="0.107" /><testcase classname="tests.test_churnguard" name="test_health" time="0.230" /><testcase classname="tests.test_settings.TestIntegration" name="test_integration_initial_disconnected" time="0.445" /><testcase classname="tests.test_settings.TestIntegration" name="test_integration_unauth_401" time="0.147" /></testsuite></testsuites>