<?xml version="1.0" encoding="utf-8"?><testsuites name="pytest tests"><testsuite name="pytest" errors="0" failures="1" skipped="0" tests="16" time="3.066" timestamp="2026-07-09T00:30:25.056609+00:00" hostname="agent-env-475cb733-01fd-4cdc-94e0-a8e086da1812"><testcase classname="tests.test_churnguard.TestAuth" name="test_invalid_login_401" time="0.399" /><testcase classname="tests.test_churnguard.TestPublicSession" name="test_init_bad_api_key_401" time="0.157" /><testcase classname="tests.test_churnguard.TestPublicSession" name="test_flow_discount_accept" time="0.975" /><testcase classname="tests.test_churnguard.TestAuth" name="test_login_success_and_me" time="0.554" /><testcase classname="tests.test_churnguard.TestAuth" name="test_register_creates_org" time="0.093"><failure message="AssertionError: {&quot;detail&quot;:[{&quot;type&quot;:&quot;value_error&quot;,&quot;loc&quot;:[&quot;body&quot;,&quot;email&quot;],&quot;msg&quot;:&quot;value is not a valid email address: The part after the @-sign is a special-use or reserved name that cannot be used with email.&quot;,&quot;input&quot;:&quot;TEST_3fd06f16@churn.test&quot;,&quot;ctx&quot;:{&quot;reason&quot;:&quot;The part after the @-sign is a special-use or reserved name that cannot be used with email.&quot;}}]}&#10;assert 422 == 200&#10; +  where 422 = &lt;Response [422]&gt;.status_code">backend/tests/test_churnguard.py:52: in test_register_creates_org
    assert r.status_code == 200, r.text
E   AssertionError: {"detail":[{"type":"value_error","loc":["body","email"],"msg":"value is not a valid email address: The part after the @-sign is a special-use or reserved name that cannot be used with email.","input":"TEST_3fd06f16@churn.test","ctx":{"reason":"The part after the @-sign is a special-use or reserved name that cannot be used with email."}}]}
E   assert 422 == 200
E    +  where 422 = &lt;Response [422]&gt;.status_code</failure></testcase><testcase classname="tests.test_churnguard.TestAuth" name="test_logout_clears_session" time="0.483" /><testcase classname="tests.test_churnguard.TestPublicSession" name="test_flow_pause_accept" time="0.492" /><testcase classname="tests.test_churnguard.TestDashboard" name="test_kpis" time="0.055" /><testcase classname="tests.test_churnguard.TestDashboard" name="test_organization" time="0.095" /><testcase classname="tests.test_churnguard.TestPublicSession" name="test_flow_cancel" time="0.393" /><testcase classname="tests.test_churnguard.TestDashboard" name="test_analytics_sessions" time="0.050" /><testcase classname="tests.test_churnguard.TestDashboard" name="test_kpis_unauth_401" time="0.107" /><testcase classname="tests.test_churnguard" name="test_health" time="0.101" /><testcase classname="tests.test_churnguard.TestPublicSession" name="test_invalid_action" time="0.215" /><testcase classname="tests.test_churnguard.TestOffers" name="test_list_offers_seeded" time="0.045" /><testcase classname="tests.test_churnguard.TestOffers" name="test_offer_crud_lifecycle" time="0.270" /></testsuite></testsuites>