<?xml version="1.0" encoding="utf-8"?><testsuites name="pytest tests"><testsuite name="pytest" errors="0" failures="0" skipped="0" tests="28" time="5.383" timestamp="2026-07-09T01:27:12.269616+00:00" hostname="agent-env-475cb733-01fd-4cdc-94e0-a8e086da1812"><testcase classname="tests.test_churnguard.TestPublicSession" name="test_init_bad_api_key_401" time="0.122" /><testcase classname="tests.test_billing.TestCheckout" name="test_create_checkout_scale" time="0.977" /><testcase classname="tests.test_churnguard.TestPublicSession" name="test_flow_discount_accept" time="1.375" /><testcase classname="tests.test_billing.TestCheckout" name="test_checkout_invalid_plan" time="0.042" /><testcase classname="tests.test_billing.TestCheckout" name="test_checkout_status" time="0.339" /><testcase classname="tests.test_billing.TestCheckout" name="test_checkout_status_not_found" time="0.050" /><testcase classname="tests.test_churnguard.TestAuth" name="test_invalid_login_401" time="0.351" /><testcase classname="tests.test_churnguard.TestPublicSession" name="test_flow_pause_accept" time="0.632" /><testcase classname="tests.test_churnguard.TestAuth" name="test_login_success_and_me" time="0.411" /><testcase classname="tests.test_churnguard.TestPublicSession" name="test_flow_cancel" time="0.475" /><testcase classname="tests.test_churnguard.TestAuth" name="test_register_creates_org" time="0.381" /><testcase classname="tests.test_churnguard.TestAuth" name="test_logout_clears_session" time="0.422" /><testcase classname="tests.test_churnguard.TestPublicSession" name="test_invalid_action" time="0.442" /><testcase classname="tests.test_churnguard.TestDashboard" name="test_kpis" time="0.256" /><testcase classname="tests.test_churnguard.TestDashboard" name="test_organization" time="0.092" /><testcase classname="tests.test_billing.TestChangeAndCancel" name="test_change_plan_to_starter_then_back_to_growth" time="0.562" /><testcase classname="tests.test_churnguard.TestDashboard" name="test_analytics_sessions" time="0.062" /><testcase classname="tests.test_churnguard.TestDashboard" name="test_kpis_unauth_401" time="0.110" /><testcase classname="tests.test_billing.TestChangeAndCancel" name="test_change_plan_invalid" time="0.090" /><testcase classname="tests.test_billing.TestChangeAndCancel" name="test_cancel_sets_cancel_at_period_end" time="0.354" /><testcase classname="tests.test_billing.TestSubscription" name="test_get_subscription_trialing_growth" time="0.459" /><testcase classname="tests.test_billing.TestOfferLimit" name="test_normal_offer_create_ok_under_growth_limit" time="0.095" /><testcase classname="tests.test_billing.TestSubscription" name="test_subscription_unauth_401" time="0.143" /><testcase classname="tests.test_billing.TestOfferLimit" name="test_offer_limit_402_when_over" time="0.136" /><testcase classname="tests.test_billing" name="test_plans_public_no_auth" time="0.274" /><testcase classname="tests.test_churnguard.TestOffers" name="test_list_offers_seeded" time="0.364" /><testcase classname="tests.test_churnguard" name="test_health" time="0.102" /><testcase classname="tests.test_churnguard.TestOffers" name="test_offer_crud_lifecycle" time="0.336" /></testsuite></testsuites>